2019-03-20 17:16:14 INFO  c.f.a.AlienArtifact:50 - 
 INFO  - Starting AlienArtifact on SP4-Thom with PID 6828 (C:\Users\wojty\Desktop\TestJava\AlienArtifact2\AlienArtifact\target\classes started by wojty in C:\Users\wojty\Desktop\TestJava\AlienArtifact2\AlienArtifact)
2019-03-20 17:16:14 DEBUG c.f.a.AlienArtifact:53 - 
 DEBUG - Running with Spring Boot v2.1.1.RELEASE, Spring v5.1.3.RELEASE
2019-03-20 17:16:14 INFO  c.f.a.AlienArtifact:675 - 
 INFO  - No active profile set, falling back to default profiles: default
2019-03-20 17:16:16 INFO  o.s.c.s.PostProcessorRegistrationDelegate$BeanPostProcessorChecker:330 - 
 INFO  - Bean !org.springframework.hateoas.config.HateoasConfiguration! of type [org.springframework.hateoas.config.HateoasConfiguration$$EnhancerBySpringCGLIB$$7a199968] is not eligible for getting processed by all BeanPostProcessors (for example: not eligible for auto-proxying)
2019-03-20 17:16:16 INFO  o.s.b.w.e.t.TomcatWebServer:90 - 
 INFO  - Tomcat initialized with port(s): 8080 (http)
2019-03-20 17:16:16 INFO  o.a.c.c.StandardService:173 - 
 INFO  - Starting service [Tomcat]
2019-03-20 17:16:16 INFO  o.a.c.c.StandardEngine:173 - 
 INFO  - Starting Servlet Engine: Apache Tomcat/9.0.13
2019-03-20 17:16:16 INFO  o.a.c.c.AprLifecycleListener:173 - 
 INFO  - The APR based Apache Tomcat Native library which allows optimal performance in production environments was not found on the java.library.path: [C:\Program Files\Java\jdk1.8.0_161\bin;C:\WINDOWS\Sun\Java\bin;C:\WINDOWS\system32;C:\WINDOWS;C:\ProgramData\Oracle\Java\javapath;C:\WINDOWS\system32;C:\WINDOWS;C:\WINDOWS\System32\Wbem;C:\WINDOWS\System32\WindowsPowerShell\v1.0\;C:\Program Files (x86)\Brackets\command;C:\WINDOWS\System32\OpenSSH\;C:\Users\wojty\AppData\Local\Microsoft\WindowsApps;;.]
2019-03-20 17:16:16 INFO  o.a.c.c.C.[.[.[/]:173 - 
 INFO  - Initializing Spring embedded WebApplicationContext
2019-03-20 17:16:16 INFO  o.s.w.c.ContextLoader:296 - 
 INFO  - Root WebApplicationContext: initialization completed in 2078 ms
2019-03-20 17:16:17 INFO  o.s.s.c.ThreadPoolTaskExecutor:171 - 
 INFO  - Initializing ExecutorService !applicationTaskExecutor!
2019-03-20 17:16:18 INFO  o.s.b.w.e.t.TomcatWebServer:204 - 
 INFO  - Tomcat started on port(s): 8080 (http) with context path !!
2019-03-20 17:16:18 INFO  c.f.a.AlienArtifact:59 - 
 INFO  - Started AlienArtifact in 4.175 seconds (JVM running for 7.737)
2019-03-20 17:16:18 DEBUG c.f.a.s.m.ManaDeckService:78 - 
 DEBUG - What turn are we: 2
2019-03-20 17:16:18 DEBUG c.f.a.s.m.ManaDeckService:86 - 
 DEBUG - Deck size before picking: 4
2019-03-20 17:16:18 DEBUG c.f.a.s.m.ManaDeckService:90 - 
 DEBUG - Random index generated to draw: 1
2019-03-20 17:16:18 DEBUG c.f.a.s.m.ManaDeckService:78 - 
 DEBUG - What turn are we: 2
2019-03-20 17:16:18 DEBUG c.f.a.s.m.ManaDeckService:86 - 
 DEBUG - Deck size before picking: 3
2019-03-20 17:16:18 DEBUG c.f.a.s.m.ManaDeckService:90 - 
 DEBUG - Random index generated to draw: 1
2019-03-20 17:16:18 DEBUG c.f.a.s.m.ManaDeckService:78 - 
 DEBUG - What turn are we: 2
2019-03-20 17:16:18 DEBUG c.f.a.s.m.ManaDeckService:86 - 
 DEBUG - Deck size before picking: 2
2019-03-20 17:16:18 DEBUG c.f.a.s.m.ManaDeckService:90 - 
 DEBUG - Random index generated to draw: 1
2019-03-20 17:16:18 DEBUG c.f.a.s.m.ManaDeckService:78 - 
 DEBUG - What turn are we: 2
2019-03-20 17:16:18 DEBUG c.f.a.s.m.ManaDeckService:86 - 
 DEBUG - Deck size before picking: 1
2019-03-20 17:16:18 DEBUG c.f.a.s.m.ManaDeckService:90 - 
 DEBUG - Random index generated to draw: 0
2019-03-20 17:16:18 DEBUG c.f.a.s.m.ManaDeckService:78 - 
 DEBUG - What turn are we: 1
2019-03-20 17:16:18 DEBUG c.f.a.s.m.ManaDeckService:86 - 
 DEBUG - Deck size before picking: 4
2019-03-20 17:16:18 DEBUG c.f.a.s.m.ManaDeckService:90 - 
 DEBUG - Random index generated to draw: 0
